<?xml version="1.0" encoding="UTF-8"?>
<robot generator="Robot 3.1.1 (Python 3.7.2 on win32)" generated="20190303 14:15:53.480" rpa="false">
<suite id="s1" name="Login" source="E:\pycharm\automation\login.robot">
<test id="s1-t1" name="login test">
<kw name="Open browser to the login page">
<msg timestamp="20190303 14:15:53.574" level="FAIL">No keyword with name 'Open browser to the login page' found.</msg>
<status status="FAIL" starttime="20190303 14:15:53.574" endtime="20190303 14:15:53.574"></status>
</kw>
<status status="FAIL" starttime="20190303 14:15:53.574" endtime="20190303 14:15:53.574" critical="yes">No keyword with name 'Open browser to the login page' found.</status>
</test>
<status status="FAIL" starttime="20190303 14:15:53.480" endtime="20190303 14:15:53.574"></status>
</suite>
<statistics>
<total>
<stat pass="0" fail="1">Critical Tests</stat>
<stat pass="0" fail="1">All Tests</stat>
</total>
<tag>
</tag>
<suite>
<stat pass="0" fail="1" id="s1" name="Login">Login</stat>
</suite>
</statistics>
<errors>
<msg timestamp="20190303 14:15:53.480" level="ERROR">Error in file 'E:\pycharm\automation\login.robot': Setting variable 'https://www.facebook.com/' failed: Invalid variable name 'https://www.facebook.com/'.</msg>
<msg timestamp="20190303 14:15:53.480" level="ERROR">Error in file 'E:\pycharm\automation\login.robot': Setting variable 'chrome' failed: Invalid variable name 'chrome'.</msg>
</errors>
</robot>
